0 info it worked if it ends with ok
1 verbose cli [ 'C:\\Program Files\\nodejs\\node.exe',
1 verbose cli   'C:\\Program Files\\nodejs\\node_modules\\npm\\bin\\npm-cli.js',
1 verbose cli   'install' ]
2 info using npm@3.6.0
3 info using node@v5.6.0
4 silly loadCurrentTree Starting
5 silly install loadCurrentTree
6 silly install readLocalPackageData
7 silly install normalizeTree
8 silly loadCurrentTree Finishing
9 silly loadIdealTree Starting
10 silly install loadIdealTree
11 silly cloneCurrentTree Starting
12 silly install cloneCurrentTreeToIdealTree
13 silly cloneCurrentTree Finishing
14 silly loadShrinkwrap Starting
15 silly install loadShrinkwrap
16 silly loadShrinkwrap Finishing
17 silly loadAllDepsIntoIdealTree Starting
18 silly install loadAllDepsIntoIdealTree
19 silly loadAllDepsIntoIdealTree Finishing
20 silly idealTree:prePrune angular-sailsjs-boilerplate@1.0.0
21 silly loadIdealTree Finishing
22 silly currentTree angular-sailsjs-boilerplate@1.0.0
23 silly idealTree angular-sailsjs-boilerplate@1.0.0
24 silly generateActionsToTake Starting
25 silly install generateActionsToTake
26 silly generateActionsToTake Finishing
27 silly diffTrees action count 0
28 silly decomposeActions action count 0
29 silly executeActions Starting
30 silly install executeActions
31 silly doSerial global-install 0
32 silly doParallel fetch 0
33 verbose correctMkdir C:\Users\Mike\AppData\Roaming\npm-cache\_locks correctMkdir not in flight; initializing
34 verbose lock using C:\Users\Mike\AppData\Roaming\npm-cache\_locks\staging-22153710642b951d.lock for C:\Users\Mike\work\angular-sailsjs-boilerplate\node_modules\.staging
35 silly doParallel extract 0
36 silly doParallel preinstall 0
37 silly doReverseSerial remove 0
38 silly doSerial move 0
39 silly doSerial finalize 0
40 silly doSerial build 0
41 silly doSerial global-link 0
42 silly doParallel update-linked 0
43 silly doSerial install 0
44 silly doSerial postinstall 0
45 verbose unlock done using C:\Users\Mike\AppData\Roaming\npm-cache\_locks\staging-22153710642b951d.lock for C:\Users\Mike\work\angular-sailsjs-boilerplate\node_modules\.staging
46 silly executeActions Finishing
47 silly rollbackFailedOptional Starting
48 silly rollbackFailedOptional Finishing
49 silly runTopLevelLifecycles Starting
50 silly install runTopLevelLifecycles
51 silly preinstall angular-sailsjs-boilerplate@1.0.0 C:\Users\Mike\work\angular-sailsjs-boilerplate\angular-sailsjs-boilerplate-fb74afac
52 info lifecycle angular-sailsjs-boilerplate@1.0.0~preinstall: angular-sailsjs-boilerplate@1.0.0
53 silly lifecycle angular-sailsjs-boilerplate@1.0.0~preinstall: no script for preinstall, continuing
54 silly build angular-sailsjs-boilerplate@1.0.0
55 info linkStuff angular-sailsjs-boilerplate@1.0.0
56 silly linkStuff angular-sailsjs-boilerplate@1.0.0 has C:\Users\Mike\work as its parent node_modules
57 verbose linkBins angular-sailsjs-boilerplate@1.0.0
58 verbose linkMans angular-sailsjs-boilerplate@1.0.0
59 silly install angular-sailsjs-boilerplate@1.0.0 C:\Users\Mike\work\angular-sailsjs-boilerplate\angular-sailsjs-boilerplate-fb74afac
60 info lifecycle angular-sailsjs-boilerplate@1.0.0~install: angular-sailsjs-boilerplate@1.0.0
61 verbose lifecycle angular-sailsjs-boilerplate@1.0.0~install: unsafe-perm in lifecycle true
62 verbose lifecycle angular-sailsjs-boilerplate@1.0.0~install: PATH: C:\Program Files\nodejs\node_modules\npm\bin\node-gyp-bin;C:\Users\Mike\work\angular-sailsjs-boilerplate\node_modules\.bin;C:\Windows\system32;C:\Windows;C:\Windows\System32\Wbem;C:\Windows\System32\WindowsPowerShell\v1.0\;C:\Program Files (x86)\ATI Technologies\ATI.ACE\Core-Static;C:\Program Files\nodejs\;C:\Program Files\Git\cmd;C:\Users\Mike\Anaconda2;C:\Users\Mike\Anaconda2\Scripts;C:\Users\Mike\Anaconda2\Library\bin;C:\Users\Mike\AppData\Roaming\npm
63 verbose lifecycle angular-sailsjs-boilerplate@1.0.0~install: CWD: C:\Users\Mike\work\angular-sailsjs-boilerplate
64 silly lifecycle angular-sailsjs-boilerplate@1.0.0~install: Args: [ '/d /s /c',
64 silly lifecycle   'git submodule update --init --recursive && cd backend && npm install && cd ../frontend && npm install' ]
65 silly lifecycle angular-sailsjs-boilerplate@1.0.0~install: Returned: code: 1  signal: null
66 info lifecycle angular-sailsjs-boilerplate@1.0.0~install: Failed to exec install script
67 verbose stack Error: angular-sailsjs-boilerplate@1.0.0 install: `git submodule update --init --recursive && cd backend && npm install && cd ../frontend && npm install`
67 verbose stack Exit status 1
67 verbose stack     at EventEmitter.<anonymous> (C:\Program Files\nodejs\node_modules\npm\lib\utils\lifecycle.js:232:16)
67 verbose stack     at emitTwo (events.js:100:13)
67 verbose stack     at EventEmitter.emit (events.js:185:7)
67 verbose stack     at ChildProcess.<anonymous> (C:\Program Files\nodejs\node_modules\npm\lib\utils\spawn.js:24:14)
67 verbose stack     at emitTwo (events.js:100:13)
67 verbose stack     at ChildProcess.emit (events.js:185:7)
67 verbose stack     at maybeClose (internal/child_process.js:827:16)
67 verbose stack     at Process.ChildProcess._handle.onexit (internal/child_process.js:211:5)
68 verbose pkgid angular-sailsjs-boilerplate@1.0.0
69 verbose cwd C:\Users\Mike\work\angular-sailsjs-boilerplate
70 error Windows_NT 10.0.10586
71 error argv "C:\\Program Files\\nodejs\\node.exe" "C:\\Program Files\\nodejs\\node_modules\\npm\\bin\\npm-cli.js" "install"
72 error node v5.6.0
73 error npm  v3.6.0
74 error code ELIFECYCLE
75 error angular-sailsjs-boilerplate@1.0.0 install: `git submodule update --init --recursive && cd backend && npm install && cd ../frontend && npm install`
75 error Exit status 1
76 error Failed at the angular-sailsjs-boilerplate@1.0.0 install script 'git submodule update --init --recursive && cd backend && npm install && cd ../frontend && npm install'.
76 error Make sure you have the latest version of node.js and npm installed.
76 error If you do, this is most likely a problem with the angular-sailsjs-boilerplate package,
76 error not with npm itself.
76 error Tell the author that this fails on your system:
76 error     git submodule update --init --recursive && cd backend && npm install && cd ../frontend && npm install
76 error You can get information on how to open an issue for this project with:
76 error     npm bugs angular-sailsjs-boilerplate
76 error Or if that isn't available, you can get their info via:
76 error     npm owner ls angular-sailsjs-boilerplate
76 error There is likely additional logging output above.
77 verbose exit [ 1, true ]
